\BOOKMARK [0][-]{chapter.1}{\376\377\000I\000n\000t\000r\000o\000d\000u\000c\000t\000i\000o\000n}{}% 1
\BOOKMARK [0][-]{chapter.2}{\376\377\000R\000e\000l\000a\000t\000e\000d\000\040\000W\000o\000r\000k}{}% 2
\BOOKMARK [1][-]{section.2.1}{\376\377\000V\000i\000s\000u\000a\000l\000\040\000Q\000u\000e\000s\000t\000i\000o\000n\000\040\000A\000n\000s\000w\000e\000r\000i\000n\000g\000\040\000T\000a\000s\000k\000\040\000\050\000i\000n\000d\000o\000o\000r\000\040\000+\000\040\000o\000t\000h\000e\000r\000\051}{chapter.2}% 3
\BOOKMARK [1][-]{section.2.2}{\376\377\000S\000c\000e\000n\000e\000\040\000G\000r\000a\000p\000h\000s}{chapter.2}% 4
\BOOKMARK [1][-]{section.2.3}{\376\377\000I\000m\000a\000g\000e\000-\000t\000e\000x\000t\000\040\000p\000r\000e\000t\000r\000a\000i\000n\000e\000d\000\040\000m\000o\000d\000e\000l\000s}{chapter.2}% 5
\BOOKMARK [1][-]{section.2.4}{\376\377\000T\000r\000a\000n\000s\000f\000o\000r\000m\000e\000r\000\040\000e\000n\000c\000o\000d\000e\000r\000\040\000/\000\040\000d\000e\000c\000o\000d\000e\000r\000s}{chapter.2}% 6
\BOOKMARK [1][-]{section.2.5}{\376\377\000D\000a\000t\000a\000s\000e\000t\000s}{chapter.2}% 7
\BOOKMARK [2][-]{subsection.2.5.1}{\376\377\000S\000c\000a\000n\000N\000e\000t}{section.2.5}% 8
\BOOKMARK [2][-]{subsection.2.5.2}{\376\377\000S\000c\000a\000n\000Q\000A}{section.2.5}% 9
\BOOKMARK [0][-]{chapter.3}{\376\377\000M\000e\000t\000h\000o\000d}{}% 10
\BOOKMARK [1][-]{section.3.1}{\376\377\000S\000c\000e\000n\000e\000\040\000G\000r\000a\000p\000h\000\040\000G\000e\000n\000e\000r\000a\000t\000i\000o\000n}{chapter.3}% 11
\BOOKMARK [2][-]{subsection.3.1.1}{\376\377\000N\000o\000d\000e\000\040\000f\000e\000a\000t\000u\000r\000e\000s}{section.3.1}% 12
\BOOKMARK [2][-]{subsection.3.1.2}{\376\377\000A\000d\000j\000a\000c\000e\000n\000c\000y}{section.3.1}% 13
\BOOKMARK [2][-]{subsection.3.1.3}{\376\377\000E\000d\000g\000e\000\040\000f\000e\000a\000t\000u\000r\000e\000s}{section.3.1}% 14
\BOOKMARK [1][-]{section.3.2}{\376\377\000V\000Q\000A\000\040\000M\000o\000d\000e\000l\000s}{chapter.3}% 15
\BOOKMARK [2][-]{subsection.3.2.1}{\376\377\000B\000a\000s\000e\000l\000i\000n\000e}{section.3.2}% 16
\BOOKMARK [2][-]{subsection.3.2.2}{\376\377\000B\000a\000s\000e\000l\000i\000n\000e\000\040\000+\000\040\000G\000N\000N}{section.3.2}% 17
\BOOKMARK [2][-]{subsection.3.2.3}{\376\377\000S\000c\000a\000n\000S\000G\000-\000G\000N\000N}{section.3.2}% 18
\BOOKMARK [2][-]{subsection.3.2.4}{\376\377\000S\000c\000a\000n\000S\000G\000-\000T\000r\000a\000n\000s\000f\000o\000r\000m\000e\000r}{section.3.2}% 19
\BOOKMARK [2][-]{subsection.3.2.5}{\376\377\000B\000a\000t\000c\000h\000i\000n\000g\000\040\000a\000n\000d\000\040\000M\000a\000s\000k\000i\000n\000g}{section.3.2}% 20
\BOOKMARK [2][-]{subsection.3.2.6}{\376\377\000L\000o\000s\000s\000\040\000f\000u\000n\000c\000t\000i\000o\000n}{section.3.2}% 21
\BOOKMARK [0][-]{chapter.4}{\376\377\000E\000x\000p\000e\000r\000i\000m\000e\000n\000t\000s}{}% 22
\BOOKMARK [1][-]{section.4.1}{\376\377\000S\000c\000e\000n\000e\000\040\000G\000r\000a\000p\000h\000\040\000G\000e\000n\000e\000r\000a\000t\000i\000o\000n}{chapter.4}% 23
\BOOKMARK [2][-]{subsection.4.1.1}{\376\377\000N\000o\000d\000e\000\040\000C\000o\000n\000s\000t\000r\000u\000c\000t\000i\000o\000n}{section.4.1}% 24
\BOOKMARK [2][-]{subsection.4.1.2}{\376\377\000E\000d\000g\000e\000\040\000C\000o\000n\000s\000t\000r\000u\000c\000t\000i\000o\000n}{section.4.1}% 25
\BOOKMARK [2][-]{subsection.4.1.3}{\376\377\000E\000d\000g\000e\000\040\000L\000a\000b\000e\000l\000\040\000C\000l\000a\000s\000s\000i\000f\000i\000c\000a\000t\000i\000o\000n}{section.4.1}% 26
\BOOKMARK [2][-]{subsection.4.1.4}{\376\377\000D\000a\000t\000a\000s\000e\000t\000\040\000S\000t\000a\000t\000i\000s\000t\000i\000c\000s}{section.4.1}% 27
\BOOKMARK [1][-]{section.4.2}{\376\377\000V\000i\000s\000u\000a\000l\000\040\000Q\000u\000e\000s\000t\000i\000o\000n\000\040\000A\000n\000s\000w\000e\000r\000i\000n\000g\000\040\000M\000o\000d\000e\000l}{chapter.4}% 28
\BOOKMARK [2][-]{subsection.4.2.1}{\376\377\000G\000r\000a\000p\000h\000V\000Q\000A}{section.4.2}% 29
\BOOKMARK [2][-]{subsection.4.2.2}{\376\377\000E\000x\000p\000e\000r\000i\000m\000e\000n\000t\000a\000l\000\040\000S\000e\000t\000u\000p}{section.4.2}% 30
\BOOKMARK [2][-]{subsection.4.2.3}{\376\377\000M\000o\000d\000e\000l\000\040\000P\000e\000r\000f\000o\000r\000m\000a\000n\000c\000e\000\040\000o\000n\000\040\000S\000c\000a\000n\000S\000G\000\040\000+\000\040\000S\000c\000a\000n\000Q\000A}{section.4.2}% 31
\BOOKMARK [2][-]{subsection.4.2.4}{\376\377\000A\000d\000d\000r\000e\000s\000s\000i\000n\000g\000\040\000O\000v\000e\000r\000f\000i\000t\000t\000i\000n\000g}{section.4.2}% 32
\BOOKMARK [2][-]{subsection.4.2.5}{\376\377\000M\000o\000d\000e\000l\000\040\000P\000e\000r\000f\000o\000r\000m\000a\000n\000c\000e\000\040\000o\000n\000\040\000I\000d\000e\000a\000l\000\040\000D\000a\000t\000a\000s\000e\000t}{section.4.2}% 33
\BOOKMARK [0][-]{chapter.5}{\376\377\000D\000i\000s\000c\000u\000s\000s\000i\000o\000n}{}% 34
\BOOKMARK [0][-]{chapter.6}{\376\377\000C\000o\000n\000c\000l\000u\000s\000i\000o\000n}{}% 35
\BOOKMARK [0][-]{appendix.A}{\376\377\000T\000h\000e\000\040\000F\000i\000r\000s\000t\000\040\000A\000p\000p\000e\000n\000d\000i\000x}{}% 36
